Analysis & Synthesis report for main
Tue Apr  4 14:48:54 2023
Quartus Prime Version 20.1.0 Build 711 06/05/2020 SJ Lite Edition


---------------------
; Table of Contents ;
---------------------
  1. Legal Notice
  2. Analysis & Synthesis Summary
  3. Analysis & Synthesis Settings
  4. Parallel Compilation
  5. Analysis & Synthesis Source Files Read
  6. Analysis & Synthesis Resource Usage Summary
  7. Analysis & Synthesis Resource Utilization by Entity
  8. General Register Statistics
  9. Multiplexer Restructuring Statistics (Restructuring Performed)
 10. Parameter Settings for User Entity Instance: keypad:comb_3
 11. Parameter Settings for Inferred Entity Instance: lpm_divide:Mod0
 12. Parameter Settings for Inferred Entity Instance: lpm_divide:Div1
 13. Parameter Settings for Inferred Entity Instance: lpm_divide:Mod1
 14. Parameter Settings for Inferred Entity Instance: lpm_divide:Div2
 15. Parameter Settings for Inferred Entity Instance: lpm_divide:Mod2
 16. Post-Synthesis Netlist Statistics for Top Partition
 17. Elapsed Time Per Partition
 18. Analysis & Synthesis Messages
 19. Analysis & Synthesis Suppressed Messages



----------------
; Legal Notice ;
----------------
Copyright (C) 2020  Intel Corporation. All rights reserved.
Your use of Intel Corporation's design tools, logic functions 
and other software and tools, and any partner logic 
functions, and any output files from any of the foregoing 
(including device programming or simulation files), and any 
associated documentation or information are expressly subject 
to the terms and conditions of the Intel Program License 
Subscription Agreement, the Intel Quartus Prime License Agreement,
the Intel FPGA IP License Agreement, or other applicable license
agreement, including, without limitation, that your use is for
the sole purpose of programming logic devices manufactured by
Intel and sold by Intel or its authorized distributors.  Please
refer to the applicable agreement for further details, at
https://fpgasoftware.intel.com/eula.



+----------------------------------------------------------------------------------+
; Analysis & Synthesis Summary                                                     ;
+------------------------------------+---------------------------------------------+
; Analysis & Synthesis Status        ; Successful - Tue Apr  4 14:48:54 2023       ;
; Quartus Prime Version              ; 20.1.0 Build 711 06/05/2020 SJ Lite Edition ;
; Revision Name                      ; main                                        ;
; Top-level Entity Name              ; main                                        ;
; Family                             ; Cyclone IV E                                ;
; Total logic elements               ; 27                                          ;
;     Total combinational functions  ; 27                                          ;
;     Dedicated logic registers      ; 0                                           ;
; Total registers                    ; 0                                           ;
; Total pins                         ; 74                                          ;
; Total virtual pins                 ; 0                                           ;
; Total memory bits                  ; 0                                           ;
; Embedded Multiplier 9-bit elements ; 0                                           ;
; Total PLLs                         ; 0                                           ;
+------------------------------------+---------------------------------------------+


+------------------------------------------------------------------------------------------------------------+
; Analysis & Synthesis Settings                                                                              ;
+------------------------------------------------------------------+--------------------+--------------------+
; Option                                                           ; Setting            ; Default Value      ;
+------------------------------------------------------------------+--------------------+--------------------+
; Device                                                           ; EP4CE115F29C7      ;                    ;
; Top-level entity name                                            ; main               ; main               ;
; Family name                                                      ; Cyclone IV E       ; Cyclone V          ;
; Use smart compilation                                            ; Off                ; Off                ;
; Enable parallel Assembler and Timing Analyzer during compilation ; On                 ; On                 ;
; Enable compact report table                                      ; Off                ; Off                ;
; Restructure Multiplexers                                         ; Auto               ; Auto               ;
; Create Debugging Nodes for IP Cores                              ; Off                ; Off                ;
; Preserve fewer node names                                        ; On                 ; On                 ;
; Intel FPGA IP Evaluation Mode                                    ; Enable             ; Enable             ;
; Verilog Version                                                  ; Verilog_2001       ; Verilog_2001       ;
; VHDL Version                                                     ; VHDL_1993          ; VHDL_1993          ;
; State Machine Processing                                         ; Auto               ; Auto               ;
; Safe State Machine                                               ; Off                ; Off                ;
; Extract Verilog State Machines                                   ; On                 ; On                 ;
; Extract VHDL State Machines                                      ; On                 ; On                 ;
; Ignore Verilog initial constructs                                ; Off                ; Off                ;
; Iteration limit for constant Verilog loops                       ; 5000               ; 5000               ;
; Iteration limit for non-constant Verilog loops                   ; 250                ; 250                ;
; Add Pass-Through Logic to Inferred RAMs                          ; On                 ; On                 ;
; Infer RAMs from Raw Logic                                        ; On                 ; On                 ;
; Parallel Synthesis                                               ; On                 ; On                 ;
; DSP Block Balancing                                              ; Auto               ; Auto               ;
; NOT Gate Push-Back                                               ; On                 ; On                 ;
; Power-Up Don't Care                                              ; On                 ; On                 ;
; Remove Redundant Logic Cells                                     ; Off                ; Off                ;
; Remove Duplicate Registers                                       ; On                 ; On                 ;
; Ignore CARRY Buffers                                             ; Off                ; Off                ;
; Ignore CASCADE Buffers                                           ; Off                ; Off                ;
; Ignore GLOBAL Buffers                                            ; Off                ; Off                ;
; Ignore ROW GLOBAL Buffers                                        ; Off                ; Off                ;
; Ignore LCELL Buffers                                             ; Off                ; Off                ;
; Ignore SOFT Buffers                                              ; On                 ; On                 ;
; Limit AHDL Integers to 32 Bits                                   ; Off                ; Off                ;
; Optimization Technique                                           ; Balanced           ; Balanced           ;
; Carry Chain Length                                               ; 70                 ; 70                 ;
; Auto Carry Chains                                                ; On                 ; On                 ;
; Auto Open-Drain Pins                                             ; On                 ; On                 ;
; Perform WYSIWYG Primitive Resynthesis                            ; Off                ; Off                ;
; Auto ROM Replacement                                             ; On                 ; On                 ;
; Auto RAM Replacement                                             ; On                 ; On                 ;
; Auto DSP Block Replacement                                       ; On                 ; On                 ;
; Auto Shift Register Replacement                                  ; Auto               ; Auto               ;
; Allow Shift Register Merging across Hierarchies                  ; Auto               ; Auto               ;
; Auto Clock Enable Replacement                                    ; On                 ; On                 ;
; Strict RAM Replacement                                           ; Off                ; Off                ;
; Allow Synchronous Control Signals                                ; On                 ; On                 ;
; Force Use of Synchronous Clear Signals                           ; Off                ; Off                ;
; Auto RAM Block Balancing                                         ; On                 ; On                 ;
; Auto RAM to Logic Cell Conversion                                ; Off                ; Off                ;
; Auto Resource Sharing                                            ; Off                ; Off                ;
; Allow Any RAM Size For Recognition                               ; Off                ; Off                ;
; Allow Any ROM Size For Recognition                               ; Off                ; Off                ;
; Allow Any Shift Register Size For Recognition                    ; Off                ; Off                ;
; Use LogicLock Constraints during Resource Balancing              ; On                 ; On                 ;
; Ignore translate_off and synthesis_off directives                ; Off                ; Off                ;
; Timing-Driven Synthesis                                          ; On                 ; On                 ;
; Report Parameter Settings                                        ; On                 ; On                 ;
; Report Source Assignments                                        ; On                 ; On                 ;
; Report Connectivity Checks                                       ; On                 ; On                 ;
; Ignore Maximum Fan-Out Assignments                               ; Off                ; Off                ;
; Synchronization Register Chain Length                            ; 2                  ; 2                  ;
; Power Optimization During Synthesis                              ; Normal compilation ; Normal compilation ;
; HDL message level                                                ; Level2             ; Level2             ;
; Suppress Register Optimization Related Messages                  ; Off                ; Off                ;
; Number of Removed Registers Reported in Synthesis Report         ; 5000               ; 5000               ;
; Number of Swept Nodes Reported in Synthesis Report               ; 5000               ; 5000               ;
; Number of Inverted Registers Reported in Synthesis Report        ; 100                ; 100                ;
; Clock MUX Protection                                             ; On                 ; On                 ;
; Auto Gated Clock Conversion                                      ; Off                ; Off                ;
; Block Design Naming                                              ; Auto               ; Auto               ;
; SDC constraint protection                                        ; Off                ; Off                ;
; Synthesis Effort                                                 ; Auto               ; Auto               ;
; Shift Register Replacement - Allow Asynchronous Clear Signal     ; On                 ; On                 ;
; Pre-Mapping Resynthesis Optimization                             ; Off                ; Off                ;
; Analysis & Synthesis Message Level                               ; Medium             ; Medium             ;
; Disable Register Merging Across Hierarchies                      ; Auto               ; Auto               ;
; Resource Aware Inference For Block RAM                           ; On                 ; On                 ;
+------------------------------------------------------------------+--------------------+--------------------+


+------------------------------------------+
; Parallel Compilation                     ;
+----------------------------+-------------+
; Processors                 ; Number      ;
+----------------------------+-------------+
; Number detected on machine ; 12          ;
; Maximum allowed            ; 12          ;
;                            ;             ;
; Average used               ; 1.00        ;
; Maximum used               ; 1           ;
;                            ;             ;
; Usage by Processor         ; % Time Used ;
;     Processor 1            ; 100.0%      ;
+----------------------------+-------------+


+------------------------------------------------------------------------------------------------------------------------------------------------------------------------------------+
; Analysis & Synthesis Source Files Read                                                                                                                                             ;
+----------------------------------+-----------------+------------------------------+--------------------------------------------------------------------------------------+---------+
; File Name with User-Entered Path ; Used in Netlist ; File Type                    ; File Name with Absolute Path                                                         ; Library ;
+----------------------------------+-----------------+------------------------------+--------------------------------------------------------------------------------------+---------+
; main.v                           ; yes             ; User Verilog HDL File        ; /home/lypess/Documentos/estudos/stopwatch-calculator/src/main.v                      ;         ;
; display.v                        ; yes             ; User Verilog HDL File        ; /home/lypess/Documentos/estudos/stopwatch-calculator/src/display.v                   ;         ;
; keypad.v                         ; yes             ; User Verilog HDL File        ; /home/lypess/Documentos/estudos/stopwatch-calculator/src/keypad.v                    ;         ;
; lpm_divide.tdf                   ; yes             ; Megafunction                 ; /home/lypess/intelFPGA_lite/20.1/quartus/libraries/megafunctions/lpm_divide.tdf      ;         ;
; abs_divider.inc                  ; yes             ; Megafunction                 ; /home/lypess/intelFPGA_lite/20.1/quartus/libraries/megafunctions/abs_divider.inc     ;         ;
; sign_div_unsign.inc              ; yes             ; Megafunction                 ; /home/lypess/intelFPGA_lite/20.1/quartus/libraries/megafunctions/sign_div_unsign.inc ;         ;
; aglobal201.inc                   ; yes             ; Megafunction                 ; /home/lypess/intelFPGA_lite/20.1/quartus/libraries/megafunctions/aglobal201.inc      ;         ;
; db/lpm_divide_vam.tdf            ; yes             ; Auto-Generated Megafunction  ; /home/lypess/Documentos/estudos/stopwatch-calculator/src/db/lpm_divide_vam.tdf       ;         ;
; db/sign_div_unsign_1nh.tdf       ; yes             ; Auto-Generated Megafunction  ; /home/lypess/Documentos/estudos/stopwatch-calculator/src/db/sign_div_unsign_1nh.tdf  ;         ;
; db/alt_u_div_m9f.tdf             ; yes             ; Auto-Generated Megafunction  ; /home/lypess/Documentos/estudos/stopwatch-calculator/src/db/alt_u_div_m9f.tdf        ;         ;
; db/add_sub_7pc.tdf               ; yes             ; Auto-Generated Megafunction  ; /home/lypess/Documentos/estudos/stopwatch-calculator/src/db/add_sub_7pc.tdf          ;         ;
; db/add_sub_8pc.tdf               ; yes             ; Auto-Generated Megafunction  ; /home/lypess/Documentos/estudos/stopwatch-calculator/src/db/add_sub_8pc.tdf          ;         ;
; db/lpm_divide_vim.tdf            ; yes             ; Auto-Generated Megafunction  ; /home/lypess/Documentos/estudos/stopwatch-calculator/src/db/lpm_divide_vim.tdf       ;         ;
; db/sign_div_unsign_nlh.tdf       ; yes             ; Auto-Generated Megafunction  ; /home/lypess/Documentos/estudos/stopwatch-calculator/src/db/sign_div_unsign_nlh.tdf  ;         ;
; db/alt_u_div_27f.tdf             ; yes             ; Auto-Generated Megafunction  ; /home/lypess/Documentos/estudos/stopwatch-calculator/src/db/alt_u_div_27f.tdf        ;         ;
; db/lpm_divide_l9m.tdf            ; yes             ; Auto-Generated Megafunction  ; /home/lypess/Documentos/estudos/stopwatch-calculator/src/db/lpm_divide_l9m.tdf       ;         ;
; db/sign_div_unsign_dkh.tdf       ; yes             ; Auto-Generated Megafunction  ; /home/lypess/Documentos/estudos/stopwatch-calculator/src/db/sign_div_unsign_dkh.tdf  ;         ;
; db/alt_u_div_e4f.tdf             ; yes             ; Auto-Generated Megafunction  ; /home/lypess/Documentos/estudos/stopwatch-calculator/src/db/alt_u_div_e4f.tdf        ;         ;
; db/lpm_divide_ihm.tdf            ; yes             ; Auto-Generated Megafunction  ; /home/lypess/Documentos/estudos/stopwatch-calculator/src/db/lpm_divide_ihm.tdf       ;         ;
; db/sign_div_unsign_akh.tdf       ; yes             ; Auto-Generated Megafunction  ; /home/lypess/Documentos/estudos/stopwatch-calculator/src/db/sign_div_unsign_akh.tdf  ;         ;
; db/alt_u_div_84f.tdf             ; yes             ; Auto-Generated Megafunction  ; /home/lypess/Documentos/estudos/stopwatch-calculator/src/db/alt_u_div_84f.tdf        ;         ;
; db/lpm_divide_i9m.tdf            ; yes             ; Auto-Generated Megafunction  ; /home/lypess/Documentos/estudos/stopwatch-calculator/src/db/lpm_divide_i9m.tdf       ;         ;
; db/sign_div_unsign_7kh.tdf       ; yes             ; Auto-Generated Megafunction  ; /home/lypess/Documentos/estudos/stopwatch-calculator/src/db/sign_div_unsign_7kh.tdf  ;         ;
; db/alt_u_div_24f.tdf             ; yes             ; Auto-Generated Megafunction  ; /home/lypess/Documentos/estudos/stopwatch-calculator/src/db/alt_u_div_24f.tdf        ;         ;
+----------------------------------+-----------------+------------------------------+--------------------------------------------------------------------------------------+---------+


+--------------------------------------------------------------------------------------------------------------------------------------------------------------+
; Analysis & Synthesis Resource Usage Summary                                                                                                                  ;
+---------------------------------------------+----------------------------------------------------------------------------------------------------------------+
; Resource                                    ; Usage                                                                                                          ;
+---------------------------------------------+----------------------------------------------------------------------------------------------------------------+
; Estimated Total logic elements              ; 27                                                                                                             ;
;                                             ;                                                                                                                ;
; Total combinational functions               ; 27                                                                                                             ;
; Logic element usage by number of LUT inputs ;                                                                                                                ;
;     -- 4 input functions                    ; 12                                                                                                             ;
;     -- 3 input functions                    ; 5                                                                                                              ;
;     -- <=2 input functions                  ; 10                                                                                                             ;
;                                             ;                                                                                                                ;
; Logic elements by mode                      ;                                                                                                                ;
;     -- normal mode                          ; 20                                                                                                             ;
;     -- arithmetic mode                      ; 7                                                                                                              ;
;                                             ;                                                                                                                ;
; Total registers                             ; 0                                                                                                              ;
;     -- Dedicated logic registers            ; 0                                                                                                              ;
;     -- I/O registers                        ; 0                                                                                                              ;
;                                             ;                                                                                                                ;
; I/O pins                                    ; 74                                                                                                             ;
;                                             ;                                                                                                                ;
; Embedded Multiplier 9-bit elements          ; 0                                                                                                              ;
;                                             ;                                                                                                                ;
; Maximum fan-out node                        ; lpm_divide:Mod2|lpm_divide_i9m:auto_generated|sign_div_unsign_7kh:divider|alt_u_div_24f:divider|StageOut[12]~2 ;
; Maximum fan-out                             ; 7                                                                                                              ;
; Total fan-out                               ; 167                                                                                                            ;
; Average fan-out                             ; 0.95                                                                                                           ;
+---------------------------------------------+----------------------------------------------------------------------------------------------------------------+


+----------------------------------------------------------------------------------------------------------------------------------------------------------------------------------------------------------------------------------------------------------------------------------------------------------------+
; Analysis & Synthesis Resource Utilization by Entity                                                                                                                                                                                                                                                            ;
+----------------------------------------+---------------------+---------------------------+-------------+--------------+---------+-----------+------+--------------+-------------------------------------------------------------------------------------------------------+---------------------+--------------+
; Compilation Hierarchy Node             ; Combinational ALUTs ; Dedicated Logic Registers ; Memory Bits ; DSP Elements ; DSP 9x9 ; DSP 18x18 ; Pins ; Virtual Pins ; Full Hierarchy Name                                                                                   ; Entity Name         ; Library Name ;
+----------------------------------------+---------------------+---------------------------+-------------+--------------+---------+-----------+------+--------------+-------------------------------------------------------------------------------------------------------+---------------------+--------------+
; |main                                  ; 27 (0)              ; 0 (0)                     ; 0           ; 0            ; 0       ; 0         ; 74   ; 0            ; |main                                                                                                 ; main                ; work         ;
;    |display:comb_13|                   ; 7 (7)               ; 0 (0)                     ; 0           ; 0            ; 0       ; 0         ; 0    ; 0            ; |main|display:comb_13                                                                                 ; display             ; work         ;
;    |keypad:comb_3|                     ; 6 (6)               ; 0 (0)                     ; 0           ; 0            ; 0       ; 0         ; 0    ; 0            ; |main|keypad:comb_3                                                                                   ; keypad              ; work         ;
;    |lpm_divide:Div2|                   ; 5 (0)               ; 0 (0)                     ; 0           ; 0            ; 0       ; 0         ; 0    ; 0            ; |main|lpm_divide:Div2                                                                                 ; lpm_divide          ; work         ;
;       |lpm_divide_ihm:auto_generated|  ; 5 (0)               ; 0 (0)                     ; 0           ; 0            ; 0       ; 0         ; 0    ; 0            ; |main|lpm_divide:Div2|lpm_divide_ihm:auto_generated                                                   ; lpm_divide_ihm      ; work         ;
;          |sign_div_unsign_akh:divider| ; 5 (0)               ; 0 (0)                     ; 0           ; 0            ; 0       ; 0         ; 0    ; 0            ; |main|lpm_divide:Div2|lpm_divide_ihm:auto_generated|sign_div_unsign_akh:divider                       ; sign_div_unsign_akh ; work         ;
;             |alt_u_div_84f:divider|    ; 5 (5)               ; 0 (0)                     ; 0           ; 0            ; 0       ; 0         ; 0    ; 0            ; |main|lpm_divide:Div2|lpm_divide_ihm:auto_generated|sign_div_unsign_akh:divider|alt_u_div_84f:divider ; alt_u_div_84f       ; work         ;
;    |lpm_divide:Mod2|                   ; 9 (0)               ; 0 (0)                     ; 0           ; 0            ; 0       ; 0         ; 0    ; 0            ; |main|lpm_divide:Mod2                                                                                 ; lpm_divide          ; work         ;
;       |lpm_divide_i9m:auto_generated|  ; 9 (0)               ; 0 (0)                     ; 0           ; 0            ; 0       ; 0         ; 0    ; 0            ; |main|lpm_divide:Mod2|lpm_divide_i9m:auto_generated                                                   ; lpm_divide_i9m      ; work         ;
;          |sign_div_unsign_7kh:divider| ; 9 (0)               ; 0 (0)                     ; 0           ; 0            ; 0       ; 0         ; 0    ; 0            ; |main|lpm_divide:Mod2|lpm_divide_i9m:auto_generated|sign_div_unsign_7kh:divider                       ; sign_div_unsign_7kh ; work         ;
;             |alt_u_div_24f:divider|    ; 9 (9)               ; 0 (0)                     ; 0           ; 0            ; 0       ; 0         ; 0    ; 0            ; |main|lpm_divide:Mod2|lpm_divide_i9m:auto_generated|sign_div_unsign_7kh:divider|alt_u_div_24f:divider ; alt_u_div_24f       ; work         ;
+----------------------------------------+---------------------+---------------------------+-------------+--------------+---------+-----------+------+--------------+-------------------------------------------------------------------------------------------------------+---------------------+--------------+
Note: For table entries with two numbers listed, the numbers in parentheses indicate the number of resources of the given type used by the specific entity alone. The numbers listed outside of parentheses indicate the total resources of the given type used by the specific entity and all of its sub-entities in the hierarchy.


+------------------------------------------------------+
; General Register Statistics                          ;
+----------------------------------------------+-------+
; Statistic                                    ; Value ;
+----------------------------------------------+-------+
; Total registers                              ; 0     ;
; Number of registers using Synchronous Clear  ; 0     ;
; Number of registers using Synchronous Load   ; 0     ;
; Number of registers using Asynchronous Clear ; 0     ;
; Number of registers using Asynchronous Load  ; 0     ;
; Number of registers using Clock Enable       ; 0     ;
; Number of registers using Preset             ; 0     ;
+----------------------------------------------+-------+


+------------------------------------------------------------------------------------------------------------------------------------------+
; Multiplexer Restructuring Statistics (Restructuring Performed)                                                                           ;
+--------------------+-----------+---------------+----------------------+------------------------+------------+----------------------------+
; Multiplexer Inputs ; Bus Width ; Baseline Area ; Area if Restructured ; Saving if Restructured ; Registered ; Example Multiplexer Output ;
+--------------------+-----------+---------------+----------------------+------------------------+------------+----------------------------+
; 4:1                ; 2 bits    ; 4 LEs         ; 4 LEs                ; 0 LEs                  ; No         ; |main|keypad:comb_3|l[0]   ;
+--------------------+-----------+---------------+----------------------+------------------------+------------+----------------------------+


+------------------------------------------------------------+
; Parameter Settings for User Entity Instance: keypad:comb_3 ;
+----------------+----------+--------------------------------+
; Parameter Name ; Value    ; Type                           ;
+----------------+----------+--------------------------------+
; clk_machine    ; 50000000 ; Signed Integer                 ;
; delay_debounce ; 500000   ; Signed Integer                 ;
; zero           ; 0000     ; Unsigned Binary                ;
; one            ; 0001     ; Unsigned Binary                ;
; two            ; 0010     ; Unsigned Binary                ;
; three          ; 0011     ; Unsigned Binary                ;
; four           ; 0100     ; Unsigned Binary                ;
; five           ; 0101     ; Unsigned Binary                ;
; six            ; 0110     ; Unsigned Binary                ;
; seven          ; 0111     ; Unsigned Binary                ;
; eight          ; 1000     ; Unsigned Binary                ;
; nine           ; 1001     ; Unsigned Binary                ;
; A              ; 1010     ; Unsigned Binary                ;
; B              ; 1011     ; Unsigned Binary                ;
; C              ; 1100     ; Unsigned Binary                ;
; D              ; 1101     ; Unsigned Binary                ;
; hashtag        ; 1110     ; Unsigned Binary                ;
; star           ; 1111     ; Unsigned Binary                ;
+----------------+----------+--------------------------------+
Note: In order to hide this table in the UI and the text report file, please set the "Show Parameter Settings in Synthesis Report" option in "Analysis and Synthesis Settings -> More Settings" to "Off".


+------------------------------------------------------------------+
; Parameter Settings for Inferred Entity Instance: lpm_divide:Mod0 ;
+------------------------+----------------+------------------------+
; Parameter Name         ; Value          ; Type                   ;
+------------------------+----------------+------------------------+
; LPM_WIDTHN             ; 4              ; Untyped                ;
; LPM_WIDTHD             ; 10             ; Untyped                ;
; LPM_NREPRESENTATION    ; UNSIGNED       ; Untyped                ;
; LPM_DREPRESENTATION    ; UNSIGNED       ; Untyped                ;
; LPM_PIPELINE           ; 0              ; Untyped                ;
; LPM_REMAINDERPOSITIVE  ; TRUE           ; Untyped                ;
; MAXIMIZE_SPEED         ; 5              ; Untyped                ;
; CBXI_PARAMETER         ; lpm_divide_vam ; Untyped                ;
; CARRY_CHAIN            ; MANUAL         ; Untyped                ;
; OPTIMIZE_FOR_SPEED     ; 5              ; Untyped                ;
; AUTO_CARRY_CHAINS      ; ON             ; AUTO_CARRY             ;
; IGNORE_CARRY_BUFFERS   ; OFF            ; IGNORE_CARRY           ;
; AUTO_CASCADE_CHAINS    ; ON             ; AUTO_CASCADE           ;
; IGNORE_CASCADE_BUFFERS ; OFF            ; IGNORE_CASCADE         ;
+------------------------+----------------+------------------------+
Note: In order to hide this table in the UI and the text report file, please set the "Show Parameter Settings in Synthesis Report" option in "Analysis and Synthesis Settings -> More Settings" to "Off".


+------------------------------------------------------------------+
; Parameter Settings for Inferred Entity Instance: lpm_divide:Div1 ;
+------------------------+----------------+------------------------+
; Parameter Name         ; Value          ; Type                   ;
+------------------------+----------------+------------------------+
; LPM_WIDTHN             ; 10             ; Untyped                ;
; LPM_WIDTHD             ; 7              ; Untyped                ;
; LPM_NREPRESENTATION    ; UNSIGNED       ; Untyped                ;
; LPM_DREPRESENTATION    ; UNSIGNED       ; Untyped                ;
; LPM_PIPELINE           ; 0              ; Untyped                ;
; LPM_REMAINDERPOSITIVE  ; TRUE           ; Untyped                ;
; MAXIMIZE_SPEED         ; 5              ; Untyped                ;
; CBXI_PARAMETER         ; lpm_divide_vim ; Untyped                ;
; CARRY_CHAIN            ; MANUAL         ; Untyped                ;
; OPTIMIZE_FOR_SPEED     ; 5              ; Untyped                ;
; AUTO_CARRY_CHAINS      ; ON             ; AUTO_CARRY             ;
; IGNORE_CARRY_BUFFERS   ; OFF            ; IGNORE_CARRY           ;
; AUTO_CASCADE_CHAINS    ; ON             ; AUTO_CASCADE           ;
; IGNORE_CASCADE_BUFFERS ; OFF            ; IGNORE_CASCADE         ;
+------------------------+----------------+------------------------+
Note: In order to hide this table in the UI and the text report file, please set the "Show Parameter Settings in Synthesis Report" option in "Analysis and Synthesis Settings -> More Settings" to "Off".


+------------------------------------------------------------------+
; Parameter Settings for Inferred Entity Instance: lpm_divide:Mod1 ;
+------------------------+----------------+------------------------+
; Parameter Name         ; Value          ; Type                   ;
+------------------------+----------------+------------------------+
; LPM_WIDTHN             ; 4              ; Untyped                ;
; LPM_WIDTHD             ; 7              ; Untyped                ;
; LPM_NREPRESENTATION    ; UNSIGNED       ; Untyped                ;
; LPM_DREPRESENTATION    ; UNSIGNED       ; Untyped                ;
; LPM_PIPELINE           ; 0              ; Untyped                ;
; LPM_REMAINDERPOSITIVE  ; TRUE           ; Untyped                ;
; MAXIMIZE_SPEED         ; 5              ; Untyped                ;
; CBXI_PARAMETER         ; lpm_divide_l9m ; Untyped                ;
; CARRY_CHAIN            ; MANUAL         ; Untyped                ;
; OPTIMIZE_FOR_SPEED     ; 5              ; Untyped                ;
; AUTO_CARRY_CHAINS      ; ON             ; AUTO_CARRY             ;
; IGNORE_CARRY_BUFFERS   ; OFF            ; IGNORE_CARRY           ;
; AUTO_CASCADE_CHAINS    ; ON             ; AUTO_CASCADE           ;
; IGNORE_CASCADE_BUFFERS ; OFF            ; IGNORE_CASCADE         ;
+------------------------+----------------+------------------------+
Note: In order to hide this table in the UI and the text report file, please set the "Show Parameter Settings in Synthesis Report" option in "Analysis and Synthesis Settings -> More Settings" to "Off".


+------------------------------------------------------------------+
; Parameter Settings for Inferred Entity Instance: lpm_divide:Div2 ;
+------------------------+----------------+------------------------+
; Parameter Name         ; Value          ; Type                   ;
+------------------------+----------------+------------------------+
; LPM_WIDTHN             ; 7              ; Untyped                ;
; LPM_WIDTHD             ; 4              ; Untyped                ;
; LPM_NREPRESENTATION    ; UNSIGNED       ; Untyped                ;
; LPM_DREPRESENTATION    ; UNSIGNED       ; Untyped                ;
; LPM_PIPELINE           ; 0              ; Untyped                ;
; LPM_REMAINDERPOSITIVE  ; TRUE           ; Untyped                ;
; MAXIMIZE_SPEED         ; 5              ; Untyped                ;
; CBXI_PARAMETER         ; lpm_divide_ihm ; Untyped                ;
; CARRY_CHAIN            ; MANUAL         ; Untyped                ;
; OPTIMIZE_FOR_SPEED     ; 5              ; Untyped                ;
; AUTO_CARRY_CHAINS      ; ON             ; AUTO_CARRY             ;
; IGNORE_CARRY_BUFFERS   ; OFF            ; IGNORE_CARRY           ;
; AUTO_CASCADE_CHAINS    ; ON             ; AUTO_CASCADE           ;
; IGNORE_CASCADE_BUFFERS ; OFF            ; IGNORE_CASCADE         ;
+------------------------+----------------+------------------------+
Note: In order to hide this table in the UI and the text report file, please set the "Show Parameter Settings in Synthesis Report" option in "Analysis and Synthesis Settings -> More Settings" to "Off".


+------------------------------------------------------------------+
; Parameter Settings for Inferred Entity Instance: lpm_divide:Mod2 ;
+------------------------+----------------+------------------------+
; Parameter Name         ; Value          ; Type                   ;
+------------------------+----------------+------------------------+
; LPM_WIDTHN             ; 4              ; Untyped                ;
; LPM_WIDTHD             ; 4              ; Untyped                ;
; LPM_NREPRESENTATION    ; UNSIGNED       ; Untyped                ;
; LPM_DREPRESENTATION    ; UNSIGNED       ; Untyped                ;
; LPM_PIPELINE           ; 0              ; Untyped                ;
; LPM_REMAINDERPOSITIVE  ; TRUE           ; Untyped                ;
; MAXIMIZE_SPEED         ; 5              ; Untyped                ;
; CBXI_PARAMETER         ; lpm_divide_i9m ; Untyped                ;
; CARRY_CHAIN            ; MANUAL         ; Untyped                ;
; OPTIMIZE_FOR_SPEED     ; 5              ; Untyped                ;
; AUTO_CARRY_CHAINS      ; ON             ; AUTO_CARRY             ;
; IGNORE_CARRY_BUFFERS   ; OFF            ; IGNORE_CARRY           ;
; AUTO_CASCADE_CHAINS    ; ON             ; AUTO_CASCADE           ;
; IGNORE_CASCADE_BUFFERS ; OFF            ; IGNORE_CASCADE         ;
+------------------------+----------------+------------------------+
Note: In order to hide this table in the UI and the text report file, please set the "Show Parameter Settings in Synthesis Report" option in "Analysis and Synthesis Settings -> More Settings" to "Off".


+-----------------------------------------------------+
; Post-Synthesis Netlist Statistics for Top Partition ;
+-----------------------+-----------------------------+
; Type                  ; Count                       ;
+-----------------------+-----------------------------+
; boundary_port         ; 74                          ;
; cycloneiii_lcell_comb ; 32                          ;
;     arith             ; 7                           ;
;         1 data inputs ; 1                           ;
;         2 data inputs ; 5                           ;
;         3 data inputs ; 1                           ;
;     normal            ; 25                          ;
;         0 data inputs ; 4                           ;
;         1 data inputs ; 3                           ;
;         2 data inputs ; 2                           ;
;         3 data inputs ; 4                           ;
;         4 data inputs ; 12                          ;
;                       ;                             ;
; Max LUT depth         ; 5.30                        ;
; Average LUT depth     ; 4.41                        ;
+-----------------------+-----------------------------+


+-------------------------------+
; Elapsed Time Per Partition    ;
+----------------+--------------+
; Partition Name ; Elapsed Time ;
+----------------+--------------+
; Top            ; 00:00:01     ;
+----------------+--------------+


+-------------------------------+
; Analysis & Synthesis Messages ;
+-------------------------------+
Info: *******************************************************************
Info: Running Quartus Prime Analysis & Synthesis
    Info: Version 20.1.0 Build 711 06/05/2020 SJ Lite Edition
    Info: Processing started: Tue Apr  4 14:48:45 2023
Info: Command: quartus_map --read_settings_files=on --write_settings_files=off main -c main
Warning (18236): Number of processors has not been specified which may cause overloading on shared machines.  Set the global assignment NUM_PARALLEL_PROCESSORS in your QSF to an appropriate value for best performance.
Info (20030): Parallel compilation is enabled and will use 12 of the 12 processors detected
Info (12021): Found 1 design units, including 1 entities, in source file calculator.v
    Info (12023): Found entity 1: calculator File: /home/lypess/Documentos/estudos/stopwatch-calculator/src/calculator.v Line: 1
Info (12021): Found 1 design units, including 1 entities, in source file main.v
    Info (12023): Found entity 1: main File: /home/lypess/Documentos/estudos/stopwatch-calculator/src/main.v Line: 1
Info (12021): Found 1 design units, including 1 entities, in source file display.v
    Info (12023): Found entity 1: display File: /home/lypess/Documentos/estudos/stopwatch-calculator/src/display.v Line: 1
Info (12021): Found 1 design units, including 1 entities, in source file keypad.v
    Info (12023): Found entity 1: keypad File: /home/lypess/Documentos/estudos/stopwatch-calculator/src/keypad.v Line: 1
Info (12021): Found 1 design units, including 1 entities, in source file test_script.v
    Info (12023): Found entity 1: test_script File: /home/lypess/Documentos/estudos/stopwatch-calculator/src/test_script.v Line: 1
Critical Warning (10846): Verilog HDL Instantiation warning at main.v(17): instance has no name File: /home/lypess/Documentos/estudos/stopwatch-calculator/src/main.v Line: 17
Critical Warning (10846): Verilog HDL Instantiation warning at main.v(31): instance has no name File: /home/lypess/Documentos/estudos/stopwatch-calculator/src/main.v Line: 31
Critical Warning (10846): Verilog HDL Instantiation warning at main.v(32): instance has no name File: /home/lypess/Documentos/estudos/stopwatch-calculator/src/main.v Line: 32
Critical Warning (10846): Verilog HDL Instantiation warning at main.v(33): instance has no name File: /home/lypess/Documentos/estudos/stopwatch-calculator/src/main.v Line: 33
Critical Warning (10846): Verilog HDL Instantiation warning at main.v(34): instance has no name File: /home/lypess/Documentos/estudos/stopwatch-calculator/src/main.v Line: 34
Info (12127): Elaborating entity "main" for the top level hierarchy
Warning (10230): Verilog HDL assignment warning at main.v(25): truncated value with size 32 to match size of target (4) File: /home/lypess/Documentos/estudos/stopwatch-calculator/src/main.v Line: 25
Warning (10230): Verilog HDL assignment warning at main.v(26): truncated value with size 32 to match size of target (4) File: /home/lypess/Documentos/estudos/stopwatch-calculator/src/main.v Line: 26
Warning (10230): Verilog HDL assignment warning at main.v(27): truncated value with size 32 to match size of target (4) File: /home/lypess/Documentos/estudos/stopwatch-calculator/src/main.v Line: 27
Warning (10230): Verilog HDL assignment warning at main.v(28): truncated value with size 32 to match size of target (4) File: /home/lypess/Documentos/estudos/stopwatch-calculator/src/main.v Line: 28
Warning (10034): Output port "seconds" at main.v(3) has no driver File: /home/lypess/Documentos/estudos/stopwatch-calculator/src/main.v Line: 3
Info (12128): Elaborating entity "keypad" for hierarchy "keypad:comb_3" File: /home/lypess/Documentos/estudos/stopwatch-calculator/src/main.v Line: 17
Warning (10036): Verilog HDL or VHDL warning at keypad.v(11): object "cnt_clk" assigned a value but never read File: /home/lypess/Documentos/estudos/stopwatch-calculator/src/keypad.v Line: 11
Warning (10230): Verilog HDL assignment warning at keypad.v(43): truncated value with size 32 to match size of target (3) File: /home/lypess/Documentos/estudos/stopwatch-calculator/src/keypad.v Line: 43
Warning (10230): Verilog HDL assignment warning at keypad.v(44): truncated value with size 32 to match size of target (3) File: /home/lypess/Documentos/estudos/stopwatch-calculator/src/keypad.v Line: 44
Warning (10030): Net "COLUMN" at keypad.v(4) has no driver or initial value, using a default initial value '0' File: /home/lypess/Documentos/estudos/stopwatch-calculator/src/keypad.v Line: 4
Warning (10030): Net "keypad_.data_a" at keypad.v(15) has no driver or initial value, using a default initial value '0' File: /home/lypess/Documentos/estudos/stopwatch-calculator/src/keypad.v Line: 15
Warning (10030): Net "keypad_.waddr_a" at keypad.v(15) has no driver or initial value, using a default initial value '0' File: /home/lypess/Documentos/estudos/stopwatch-calculator/src/keypad.v Line: 15
Warning (10030): Net "keypad_.we_a" at keypad.v(15) has no driver or initial value, using a default initial value '0' File: /home/lypess/Documentos/estudos/stopwatch-calculator/src/keypad.v Line: 15
Warning (10034): Output port "led" at keypad.v(7) has no driver File: /home/lypess/Documentos/estudos/stopwatch-calculator/src/keypad.v Line: 7
Info (12128): Elaborating entity "display" for hierarchy "display:comb_10" File: /home/lypess/Documentos/estudos/stopwatch-calculator/src/main.v Line: 31
Info (276014): Found 1 instances of uninferred RAM logic
    Info (276004): RAM logic "keypad:comb_3|keypad_" is uninferred due to inappropriate RAM size File: /home/lypess/Documentos/estudos/stopwatch-calculator/src/keypad.v Line: 15
Info (278001): Inferred 5 megafunctions from design logic
    Info (278004): Inferred divider/modulo megafunction ("lpm_divide") from the following logic: "Mod0" File: /home/lypess/Documentos/estudos/stopwatch-calculator/src/main.v Line: 26
    Info (278004): Inferred divider/modulo megafunction ("lpm_divide") from the following logic: "Div1" File: /home/lypess/Documentos/estudos/stopwatch-calculator/src/main.v Line: 26
    Info (278004): Inferred divider/modulo megafunction ("lpm_divide") from the following logic: "Mod1" File: /home/lypess/Documentos/estudos/stopwatch-calculator/src/main.v Line: 27
    Info (278004): Inferred divider/modulo megafunction ("lpm_divide") from the following logic: "Div2" File: /home/lypess/Documentos/estudos/stopwatch-calculator/src/main.v Line: 27
    Info (278004): Inferred divider/modulo megafunction ("lpm_divide") from the following logic: "Mod2" File: /home/lypess/Documentos/estudos/stopwatch-calculator/src/main.v Line: 28
Info (12130): Elaborated megafunction instantiation "lpm_divide:Mod0" File: /home/lypess/Documentos/estudos/stopwatch-calculator/src/main.v Line: 26
Info (12133): Instantiated megafunction "lpm_divide:Mod0" with the following parameter: File: /home/lypess/Documentos/estudos/stopwatch-calculator/src/main.v Line: 26
    Info (12134): Parameter "LPM_WIDTHN" = "4"
    Info (12134): Parameter "LPM_WIDTHD" = "10"
    Info (12134): Parameter "LPM_NREPRESENTATION" = "UNSIGNED"
    Info (12134): Parameter "LPM_DREPRESENTATION" = "UNSIGNED"
Info (12021): Found 1 design units, including 1 entities, in source file db/lpm_divide_vam.tdf
    Info (12023): Found entity 1: lpm_divide_vam File: /home/lypess/Documentos/estudos/stopwatch-calculator/src/db/lpm_divide_vam.tdf Line: 25
Info (12021): Found 1 design units, including 1 entities, in source file db/sign_div_unsign_1nh.tdf
    Info (12023): Found entity 1: sign_div_unsign_1nh File: /home/lypess/Documentos/estudos/stopwatch-calculator/src/db/sign_div_unsign_1nh.tdf Line: 25
Info (12021): Found 1 design units, including 1 entities, in source file db/alt_u_div_m9f.tdf
    Info (12023): Found entity 1: alt_u_div_m9f File: /home/lypess/Documentos/estudos/stopwatch-calculator/src/db/alt_u_div_m9f.tdf Line: 27
Info (12021): Found 1 design units, including 1 entities, in source file db/add_sub_7pc.tdf
    Info (12023): Found entity 1: add_sub_7pc File: /home/lypess/Documentos/estudos/stopwatch-calculator/src/db/add_sub_7pc.tdf Line: 23
Info (12021): Found 1 design units, including 1 entities, in source file db/add_sub_8pc.tdf
    Info (12023): Found entity 1: add_sub_8pc File: /home/lypess/Documentos/estudos/stopwatch-calculator/src/db/add_sub_8pc.tdf Line: 23
Info (12130): Elaborated megafunction instantiation "lpm_divide:Div1" File: /home/lypess/Documentos/estudos/stopwatch-calculator/src/main.v Line: 26
Info (12133): Instantiated megafunction "lpm_divide:Div1" with the following parameter: File: /home/lypess/Documentos/estudos/stopwatch-calculator/src/main.v Line: 26
    Info (12134): Parameter "LPM_WIDTHN" = "10"
    Info (12134): Parameter "LPM_WIDTHD" = "7"
    Info (12134): Parameter "LPM_NREPRESENTATION" = "UNSIGNED"
    Info (12134): Parameter "LPM_DREPRESENTATION" = "UNSIGNED"
Info (12021): Found 1 design units, including 1 entities, in source file db/lpm_divide_vim.tdf
    Info (12023): Found entity 1: lpm_divide_vim File: /home/lypess/Documentos/estudos/stopwatch-calculator/src/db/lpm_divide_vim.tdf Line: 25
Info (12021): Found 1 design units, including 1 entities, in source file db/sign_div_unsign_nlh.tdf
    Info (12023): Found entity 1: sign_div_unsign_nlh File: /home/lypess/Documentos/estudos/stopwatch-calculator/src/db/sign_div_unsign_nlh.tdf Line: 25
Info (12021): Found 1 design units, including 1 entities, in source file db/alt_u_div_27f.tdf
    Info (12023): Found entity 1: alt_u_div_27f File: /home/lypess/Documentos/estudos/stopwatch-calculator/src/db/alt_u_div_27f.tdf Line: 27
Info (12130): Elaborated megafunction instantiation "lpm_divide:Mod1" File: /home/lypess/Documentos/estudos/stopwatch-calculator/src/main.v Line: 27
Info (12133): Instantiated megafunction "lpm_divide:Mod1" with the following parameter: File: /home/lypess/Documentos/estudos/stopwatch-calculator/src/main.v Line: 27
    Info (12134): Parameter "LPM_WIDTHN" = "4"
    Info (12134): Parameter "LPM_WIDTHD" = "7"
    Info (12134): Parameter "LPM_NREPRESENTATION" = "UNSIGNED"
    Info (12134): Parameter "LPM_DREPRESENTATION" = "UNSIGNED"
Info (12021): Found 1 design units, including 1 entities, in source file db/lpm_divide_l9m.tdf
    Info (12023): Found entity 1: lpm_divide_l9m File: /home/lypess/Documentos/estudos/stopwatch-calculator/src/db/lpm_divide_l9m.tdf Line: 25
Info (12021): Found 1 design units, including 1 entities, in source file db/sign_div_unsign_dkh.tdf
    Info (12023): Found entity 1: sign_div_unsign_dkh File: /home/lypess/Documentos/estudos/stopwatch-calculator/src/db/sign_div_unsign_dkh.tdf Line: 25
Info (12021): Found 1 design units, including 1 entities, in source file db/alt_u_div_e4f.tdf
    Info (12023): Found entity 1: alt_u_div_e4f File: /home/lypess/Documentos/estudos/stopwatch-calculator/src/db/alt_u_div_e4f.tdf Line: 27
Info (12130): Elaborated megafunction instantiation "lpm_divide:Div2" File: /home/lypess/Documentos/estudos/stopwatch-calculator/src/main.v Line: 27
Info (12133): Instantiated megafunction "lpm_divide:Div2" with the following parameter: File: /home/lypess/Documentos/estudos/stopwatch-calculator/src/main.v Line: 27
    Info (12134): Parameter "LPM_WIDTHN" = "7"
    Info (12134): Parameter "LPM_WIDTHD" = "4"
    Info (12134): Parameter "LPM_NREPRESENTATION" = "UNSIGNED"
    Info (12134): Parameter "LPM_DREPRESENTATION" = "UNSIGNED"
Info (12021): Found 1 design units, including 1 entities, in source file db/lpm_divide_ihm.tdf
    Info (12023): Found entity 1: lpm_divide_ihm File: /home/lypess/Documentos/estudos/stopwatch-calculator/src/db/lpm_divide_ihm.tdf Line: 25
Info (12021): Found 1 design units, including 1 entities, in source file db/sign_div_unsign_akh.tdf
    Info (12023): Found entity 1: sign_div_unsign_akh File: /home/lypess/Documentos/estudos/stopwatch-calculator/src/db/sign_div_unsign_akh.tdf Line: 25
Info (12021): Found 1 design units, including 1 entities, in source file db/alt_u_div_84f.tdf
    Info (12023): Found entity 1: alt_u_div_84f File: /home/lypess/Documentos/estudos/stopwatch-calculator/src/db/alt_u_div_84f.tdf Line: 27
Info (12130): Elaborated megafunction instantiation "lpm_divide:Mod2" File: /home/lypess/Documentos/estudos/stopwatch-calculator/src/main.v Line: 28
Info (12133): Instantiated megafunction "lpm_divide:Mod2" with the following parameter: File: /home/lypess/Documentos/estudos/stopwatch-calculator/src/main.v Line: 28
    Info (12134): Parameter "LPM_WIDTHN" = "4"
    Info (12134): Parameter "LPM_WIDTHD" = "4"
    Info (12134): Parameter "LPM_NREPRESENTATION" = "UNSIGNED"
    Info (12134): Parameter "LPM_DREPRESENTATION" = "UNSIGNED"
Info (12021): Found 1 design units, including 1 entities, in source file db/lpm_divide_i9m.tdf
    Info (12023): Found entity 1: lpm_divide_i9m File: /home/lypess/Documentos/estudos/stopwatch-calculator/src/db/lpm_divide_i9m.tdf Line: 25
Info (12021): Found 1 design units, including 1 entities, in source file db/sign_div_unsign_7kh.tdf
    Info (12023): Found entity 1: sign_div_unsign_7kh File: /home/lypess/Documentos/estudos/stopwatch-calculator/src/db/sign_div_unsign_7kh.tdf Line: 25
Info (12021): Found 1 design units, including 1 entities, in source file db/alt_u_div_24f.tdf
    Info (12023): Found entity 1: alt_u_div_24f File: /home/lypess/Documentos/estudos/stopwatch-calculator/src/db/alt_u_div_24f.tdf Line: 27
Warning (13024): Output pins are stuck at VCC or GND
    Warning (13410): Pin "seconds[0]" is stuck at GND File: /home/lypess/Documentos/estudos/stopwatch-calculator/src/main.v Line: 3
    Warning (13410): Pin "seconds[1]" is stuck at GND File: /home/lypess/Documentos/estudos/stopwatch-calculator/src/main.v Line: 3
    Warning (13410): Pin "seconds[2]" is stuck at GND File: /home/lypess/Documentos/estudos/stopwatch-calculator/src/main.v Line: 3
    Warning (13410): Pin "seconds[3]" is stuck at GND File: /home/lypess/Documentos/estudos/stopwatch-calculator/src/main.v Line: 3
    Warning (13410): Pin "seconds[4]" is stuck at GND File: /home/lypess/Documentos/estudos/stopwatch-calculator/src/main.v Line: 3
    Warning (13410): Pin "seconds[5]" is stuck at GND File: /home/lypess/Documentos/estudos/stopwatch-calculator/src/main.v Line: 3
    Warning (13410): Pin "seconds[6]" is stuck at GND File: /home/lypess/Documentos/estudos/stopwatch-calculator/src/main.v Line: 3
    Warning (13410): Pin "seconds[7]" is stuck at GND File: /home/lypess/Documentos/estudos/stopwatch-calculator/src/main.v Line: 3
    Warning (13410): Pin "seconds[8]" is stuck at GND File: /home/lypess/Documentos/estudos/stopwatch-calculator/src/main.v Line: 3
    Warning (13410): Pin "seconds[9]" is stuck at GND File: /home/lypess/Documentos/estudos/stopwatch-calculator/src/main.v Line: 3
    Warning (13410): Pin "seconds[10]" is stuck at GND File: /home/lypess/Documentos/estudos/stopwatch-calculator/src/main.v Line: 3
    Warning (13410): Pin "seconds[11]" is stuck at GND File: /home/lypess/Documentos/estudos/stopwatch-calculator/src/main.v Line: 3
    Warning (13410): Pin "seconds[12]" is stuck at GND File: /home/lypess/Documentos/estudos/stopwatch-calculator/src/main.v Line: 3
    Warning (13410): Pin "seconds[13]" is stuck at GND File: /home/lypess/Documentos/estudos/stopwatch-calculator/src/main.v Line: 3
    Warning (13410): Pin "seconds[14]" is stuck at GND File: /home/lypess/Documentos/estudos/stopwatch-calculator/src/main.v Line: 3
    Warning (13410): Pin "seconds[15]" is stuck at GND File: /home/lypess/Documentos/estudos/stopwatch-calculator/src/main.v Line: 3
    Warning (13410): Pin "seconds[16]" is stuck at GND File: /home/lypess/Documentos/estudos/stopwatch-calculator/src/main.v Line: 3
    Warning (13410): Pin "seconds[17]" is stuck at GND File: /home/lypess/Documentos/estudos/stopwatch-calculator/src/main.v Line: 3
    Warning (13410): Pin "seconds[18]" is stuck at GND File: /home/lypess/Documentos/estudos/stopwatch-calculator/src/main.v Line: 3
    Warning (13410): Pin "seconds[19]" is stuck at GND File: /home/lypess/Documentos/estudos/stopwatch-calculator/src/main.v Line: 3
    Warning (13410): Pin "seconds[20]" is stuck at GND File: /home/lypess/Documentos/estudos/stopwatch-calculator/src/main.v Line: 3
    Warning (13410): Pin "seconds[21]" is stuck at GND File: /home/lypess/Documentos/estudos/stopwatch-calculator/src/main.v Line: 3
    Warning (13410): Pin "seconds[22]" is stuck at GND File: /home/lypess/Documentos/estudos/stopwatch-calculator/src/main.v Line: 3
    Warning (13410): Pin "seconds[23]" is stuck at GND File: /home/lypess/Documentos/estudos/stopwatch-calculator/src/main.v Line: 3
    Warning (13410): Pin "seconds[24]" is stuck at GND File: /home/lypess/Documentos/estudos/stopwatch-calculator/src/main.v Line: 3
    Warning (13410): Pin "seconds[25]" is stuck at GND File: /home/lypess/Documentos/estudos/stopwatch-calculator/src/main.v Line: 3
    Warning (13410): Pin "seconds[26]" is stuck at GND File: /home/lypess/Documentos/estudos/stopwatch-calculator/src/main.v Line: 3
    Warning (13410): Pin "seconds[27]" is stuck at GND File: /home/lypess/Documentos/estudos/stopwatch-calculator/src/main.v Line: 3
    Warning (13410): Pin "seconds[28]" is stuck at GND File: /home/lypess/Documentos/estudos/stopwatch-calculator/src/main.v Line: 3
    Warning (13410): Pin "seconds[29]" is stuck at GND File: /home/lypess/Documentos/estudos/stopwatch-calculator/src/main.v Line: 3
    Warning (13410): Pin "seconds[30]" is stuck at GND File: /home/lypess/Documentos/estudos/stopwatch-calculator/src/main.v Line: 3
    Warning (13410): Pin "seconds[31]" is stuck at GND File: /home/lypess/Documentos/estudos/stopwatch-calculator/src/main.v Line: 3
    Warning (13410): Pin "display_centenas[6]" is stuck at VCC File: /home/lypess/Documentos/estudos/stopwatch-calculator/src/main.v Line: 4
    Warning (13410): Pin "display_centenas[5]" is stuck at GND File: /home/lypess/Documentos/estudos/stopwatch-calculator/src/main.v Line: 4
    Warning (13410): Pin "display_centenas[4]" is stuck at GND File: /home/lypess/Documentos/estudos/stopwatch-calculator/src/main.v Line: 4
    Warning (13410): Pin "display_centenas[3]" is stuck at GND File: /home/lypess/Documentos/estudos/stopwatch-calculator/src/main.v Line: 4
    Warning (13410): Pin "display_centenas[2]" is stuck at GND File: /home/lypess/Documentos/estudos/stopwatch-calculator/src/main.v Line: 4
    Warning (13410): Pin "display_centenas[1]" is stuck at GND File: /home/lypess/Documentos/estudos/stopwatch-calculator/src/main.v Line: 4
    Warning (13410): Pin "display_centenas[0]" is stuck at GND File: /home/lypess/Documentos/estudos/stopwatch-calculator/src/main.v Line: 4
    Warning (13410): Pin "display_dezenas[6]" is stuck at VCC File: /home/lypess/Documentos/estudos/stopwatch-calculator/src/main.v Line: 5
    Warning (13410): Pin "display_dezenas[5]" is stuck at GND File: /home/lypess/Documentos/estudos/stopwatch-calculator/src/main.v Line: 5
    Warning (13410): Pin "display_dezenas[4]" is stuck at GND File: /home/lypess/Documentos/estudos/stopwatch-calculator/src/main.v Line: 5
    Warning (13410): Pin "display_dezenas[3]" is stuck at GND File: /home/lypess/Documentos/estudos/stopwatch-calculator/src/main.v Line: 5
    Warning (13410): Pin "display_dezenas[2]" is stuck at GND File: /home/lypess/Documentos/estudos/stopwatch-calculator/src/main.v Line: 5
    Warning (13410): Pin "display_dezenas[1]" is stuck at GND File: /home/lypess/Documentos/estudos/stopwatch-calculator/src/main.v Line: 5
    Warning (13410): Pin "display_dezenas[0]" is stuck at GND File: /home/lypess/Documentos/estudos/stopwatch-calculator/src/main.v Line: 5
    Warning (13410): Pin "display_unidades[6]" is stuck at VCC File: /home/lypess/Documentos/estudos/stopwatch-calculator/src/main.v Line: 6
    Warning (13410): Pin "display_unidades[2]" is stuck at GND File: /home/lypess/Documentos/estudos/stopwatch-calculator/src/main.v Line: 6
    Warning (13410): Pin "display_unidades[1]" is stuck at GND File: /home/lypess/Documentos/estudos/stopwatch-calculator/src/main.v Line: 6
    Warning (13410): Pin "COLLUMMN[0]" is stuck at GND File: /home/lypess/Documentos/estudos/stopwatch-calculator/src/main.v Line: 10
    Warning (13410): Pin "COLLUMMN[1]" is stuck at GND File: /home/lypess/Documentos/estudos/stopwatch-calculator/src/main.v Line: 10
    Warning (13410): Pin "COLLUMMN[2]" is stuck at GND File: /home/lypess/Documentos/estudos/stopwatch-calculator/src/main.v Line: 10
    Warning (13410): Pin "COLLUMMN[3]" is stuck at GND File: /home/lypess/Documentos/estudos/stopwatch-calculator/src/main.v Line: 10
    Warning (13410): Pin "led" is stuck at GND File: /home/lypess/Documentos/estudos/stopwatch-calculator/src/main.v Line: 14
Info (286030): Timing-Driven Synthesis is running
Info (144001): Generated suppressed messages file /home/lypess/Documentos/estudos/stopwatch-calculator/src/output_files/main.map.smsg
Info (16010): Generating hard_block partition "hard_block:auto_generated_inst"
    Info (16011): Adding 0 node(s), including 0 DDIO, 0 PLL, 0 transceiver and 0 LCELL
Warning (21074): Design contains 1 input pin(s) that do not drive logic
    Warning (15610): No output dependent on input pin "clk" File: /home/lypess/Documentos/estudos/stopwatch-calculator/src/main.v Line: 2
Info (21057): Implemented 101 device resources after synthesis - the final resource count might be different
    Info (21058): Implemented 5 input pins
    Info (21059): Implemented 69 output pins
    Info (21061): Implemented 27 logic cells
Info: Quartus Prime Analysis & Synthesis was successful. 0 errors, 76 warnings
    Info: Peak virtual memory: 436 megabytes
    Info: Processing ended: Tue Apr  4 14:48:54 2023
    Info: Elapsed time: 00:00:09
    Info: Total CPU time (on all processors): 00:00:20


+------------------------------------------+
; Analysis & Synthesis Suppressed Messages ;
+------------------------------------------+
The suppressed messages can be found in /home/lypess/Documentos/estudos/stopwatch-calculator/src/output_files/main.map.smsg.


